<?xml version="1.0" encoding="UTF-8"?>
<!-- Generated by org.testng.reporters.JUnitXMLReporter -->
<testsuite ignored="0" hostname="DESKTOP-F3GQU48" failures="0" tests="4" name="Default test" time="8.322" errors="0" timestamp="2025-04-19T21:17:13 IST">
  <testcase classname="api.test.UserTest" name="testPostUser" time="3.378"/>
  <testcase classname="api.test.UserTest" name="testReadUser" time="1.432"/>
  <testcase classname="api.test.UserTest" name="testUpdateUser" time="1.709"/>
  <testcase classname="api.test.UserTest" name="testDeleteUser" time="1.472"/>
</testsuite> <!-- Default test -->
