<?xml version="1.0" encoding="UTF-8"?>
<!-- Generated by org.testng.reporters.JUnitXMLReporter -->
<testsuite ignored="0" hostname="DESKTOP-EDAL3S7" failures="0" tests="4" name="Default test" time="11.637" errors="0" timestamp="2025-04-21T19:46:52 IST">
  <testcase classname="api.test.UserTest2" name="testPostUser" time="6.328"/>
  <testcase classname="api.test.UserTest2" name="testReadUser" time="1.409"/>
  <testcase classname="api.test.UserTest2" name="testUpdateUser" time="1.349"/>
  <testcase classname="api.test.UserTest2" name="testDeleteUser" time="1.425"/>
</testsuite> <!-- Default test -->
