<?xml version="1.0" encoding="UTF-8"?>
<testng-results ignored="0" total="4" passed="4" failed="0" skipped="0">
  <reporter-output>
  </reporter-output>
  <suite started-at="2025-04-19T21:17:05 IST" name="Default suite" finished-at="2025-04-19T21:17:13 IST" duration-ms="8322">
    <groups>
    </groups>
    <test started-at="2025-04-19T21:17:05 IST" name="Default test" finished-at="2025-04-19T21:17:13 IST" duration-ms="8322">
      <class name="api.test.UserTest">
        <test-method is-config="true" signature="setupData()[pri:0, instance:api.test.UserTest@7c6908d7]" started-at="2025-04-19T21:17:05 IST" name="setupData" finished-at="2025-04-19T21:17:05 IST" duration-ms="265" status="PASS">
          <reporter-output>
          </reporter-output>
        </test-method> <!-- setupData -->
        <test-method signature="testPostUser()[pri:1, instance:api.test.UserTest@7c6908d7]" started-at="2025-04-19T21:17:05 IST" name="testPostUser" finished-at="2025-04-19T21:17:09 IST" duration-ms="3378" status="PASS">
          <reporter-output>
          </reporter-output>
        </test-method> <!-- testPostUser -->
        <test-method signature="testReadUser()[pri:2, instance:api.test.UserTest@7c6908d7]" started-at="2025-04-19T21:17:09 IST" name="testReadUser" finished-at="2025-04-19T21:17:10 IST" duration-ms="1432" status="PASS">
          <reporter-output>
          </reporter-output>
        </test-method> <!-- testReadUser -->
        <test-method signature="testUpdateUser()[pri:3, instance:api.test.UserTest@7c6908d7]" started-at="2025-04-19T21:17:10 IST" name="testUpdateUser" finished-at="2025-04-19T21:17:12 IST" duration-ms="1709" status="PASS">
          <reporter-output>
          </reporter-output>
        </test-method> <!-- testUpdateUser -->
        <test-method signature="testDeleteUser()[pri:4, instance:api.test.UserTest@7c6908d7]" started-at="2025-04-19T21:17:12 IST" name="testDeleteUser" finished-at="2025-04-19T21:17:13 IST" duration-ms="1472" status="PASS">
          <reporter-output>
          </reporter-output>
        </test-method> <!-- testDeleteUser -->
      </class> <!-- api.test.UserTest -->
    </test> <!-- Default test -->
  </suite> <!-- Default suite -->
</testng-results>
